#
# There is insufficient memory for the Java Runtime Environment to continue.
# Native memory allocation (malloc) failed to allocate 32744 bytes for ChunkPool::allocate
# Possible reasons:
#   The system is out of physical RAM or swap space
#   In 32 bit mode, the process size limit was hit
# Possible solutions:
#   Reduce memory load on the system
#   Increase physical memory or swap space
#   Check if swap backing store is full
#   Use 64 bit Java on a 64 bit OS
#   Decrease Java heap size (-Xmx/-Xms)
#   Decrease number of Java threads
#   Decrease Java thread stack sizes (-Xss)
#   Set larger code cache with -XX:ReservedCodeCacheSize=
# This output file may be truncated or incomplete.
#
#  Out of Memory Error (allocation.cpp:273), pid=19596, tid=0x0000000000005194
#
# JRE version: Java(TM) SE Runtime Environment (8.0_121-b13) (build 1.8.0_121-b13)
# Java VM: Java HotSpot(TM) 64-Bit Server VM (25.121-b13 mixed mode windows-amd64 compressed oops)
# Failed to write core dump. Minidumps are not enabled by default on client versions of Windows
#

---------------  T H R E A D  ---------------

Current thread (0x000000001f4f1000):  JavaThread "restartedMain" [_thread_in_vm, id=20884, stack(0x0000000021190000,0x0000000021290000)]

Stack: [0x0000000021190000,0x0000000021290000]
[error occurred during error reporting (printing stack bounds), id 0xc0000005]

Native frames: (J=compiled Java code, j=interpreted, Vv=VM code, C=native code)

Java frames: (J=compiled Java code, j=interpreted, Vv=VM code)
J 919  java.lang.ClassLoader.defineClass1(Ljava/lang/String;[BIILjava/security/ProtectionDomain;Ljava/lang/String;)Ljava/lang/Class; (0 bytes) @ 0x000000000317b81f [0x000000000317b780+0x9f]
J 776 C1 java.lang.ClassLoader.defineClass(Ljava/lang/String;[BIILjava/security/ProtectionDomain;)Ljava/lang/Class; (43 bytes) @ 0x000000000313e0ec [0x000000000313dfe0+0x10c]
J 779 C1 java.net.URLClassLoader.defineClass(Ljava/lang/String;Lsun/misc/Resource;)Ljava/lang/Class; (142 bytes) @ 0x00000000031406e4 [0x000000000313fd00+0x9e4]
J 701 C1 java.net.URLClassLoader$1.run()Ljava/lang/Class; (63 bytes) @ 0x0000000003122c4c [0x0000000003122b80+0xcc]
J 700 C1 java.net.URLClassLoader$1.run()Ljava/lang/Object; (5 bytes) @ 0x0000000003122854 [0x0000000003122820+0x34]
v  ~StubRoutines::call_stub
J 549  java.security.AccessController.doPrivileged(Ljava/security/PrivilegedExceptionAction;Ljava/security/AccessControlContext;)Ljava/lang/Object; (0 bytes) @ 0x00000000030ce3a6 [0x00000000030ce340+0x66]
J 662 C1 java.net.URLClassLoader.findClass(Ljava/lang/String;)Ljava/lang/Class; (47 bytes) @ 0x00000000031140c4 [0x0000000003114000+0xc4]
J 530 C1 java.lang.ClassLoader.loadClass(Ljava/lang/String;Z)Ljava/lang/Class; (122 bytes) @ 0x00000000030c7b34 [0x00000000030c7820+0x314]
J 613 C1 sun.misc.Launcher$AppClassLoader.loadClass(Ljava/lang/String;Z)Ljava/lang/Class; (85 bytes) @ 0x00000000030f6994 [0x00000000030f66a0+0x2f4]
J 612 C1 java.lang.ClassLoader.loadClass(Ljava/lang/String;)Ljava/lang/Class; (7 bytes) @ 0x00000000030f6164 [0x00000000030f6120+0x44]
v  ~StubRoutines::call_stub
j  org.springframework.data.redis.listener.RedisMessageListenerContainer.<init>()V+93
j  org.springframework.data.redis.core.RedisKeyValueAdapter.initMessageListenerContainer()V+5
j  org.springframework.data.redis.core.RedisKeyValueAdapter.<init>(Lorg/springframework/data/redis/core/RedisOperations;Lorg/springframework/data/redis/core/convert/RedisConverter;)V+52
v  ~StubRoutines::call_stub
J 1494  sun.reflect.NativeConstructorAccessorImpl.newInstance0(Ljava/lang/reflect/Constructor;[Ljava/lang/Object;)Ljava/lang/Object; (0 bytes) @ 0x00000000032458e6 [0x0000000003245880+0x66]
J 1493 C1 sun.reflect.NativeConstructorAccessorImpl.newInstance([Ljava/lang/Object;)Ljava/lang/Object; (89 bytes) @ 0x0000000003246024 [0x0000000003245ca0+0x384]
J 1360 C1 sun.reflect.DelegatingConstructorAccessorImpl.newInstance([Ljava/lang/Object;)Ljava/lang/Object; (9 bytes) @ 0x0000000003214ae4 [0x0000000003214aa0+0x44]
J 1470 C1 java.lang.reflect.Constructor.newInstance([Ljava/lang/Object;)Ljava/lang/Object; (87 bytes) @ 0x000000000323fba4 [0x000000000323fa80+0x124]
J 2358 C1 org.springframework.beans.BeanUtils.instantiateClass(Ljava/lang/reflect/Constructor;[Ljava/lang/Object;)Ljava/lang/Object; (187 bytes) @ 0x00000000033ab5ec [0x00000000033ab2e0+0x30c]
j  org.springframework.beans.factory.support.SimpleInstantiationStrategy.instantiate(Lorg/springframework/beans/factory/support/RootBeanDefinition;Ljava/lang/String;Lorg/springframework/beans/factory/BeanFactory;Ljava/lang/reflect/Constructor;[Ljava/lang/Object;)Ljava/lang/Object;+28
j  org.springframework.beans.factory.support.ConstructorResolver.instantiate(Ljava/lang/String;Lorg/springframework/beans/factory/support/RootBeanDefinition;Ljava/lang/reflect/Constructor;[Ljava/lang/Object;)Ljava/lang/Object;+50
j  org.springframework.beans.factory.support.ConstructorResolver.autowireConstructor(Ljava/lang/String;Lorg/springframework/beans/factory/support/RootBeanDefinition;[Ljava/lang/reflect/Constructor;[Ljava/lang/Object;)Lorg/springframework/beans/BeanWrapper;+947
j  org.springframework.beans.factory.support.AbstractAutowireCapableBeanFactory.autowireConstructor(Ljava/lang/String;Lorg/springframework/beans/factory/support/RootBeanDefinition;[Ljava/lang/reflect/Constructor;[Ljava/lang/Object;)Lorg/springframework/beans/BeanWrapper;+13
j  org.springframework.beans.factory.support.AbstractAutowireCapableBeanFactory.createBeanInstance(Ljava/lang/String;Lorg/springframework/beans/factory/support/RootBeanDefinition;[Ljava/lang/Object;)Lorg/springframework/beans/BeanWrapper;+221
j  org.springframework.beans.factory.support.AbstractAutowireCapableBeanFactory.doCreateBean(Ljava/lang/String;Lorg/springframework/beans/factory/support/RootBeanDefinition;[Ljava/lang/Object;)Ljava/lang/Object;+34
j  org.springframework.beans.factory.support.AbstractAutowireCapableBeanFactory.createBean(Ljava/lang/String;Lorg/springframework/beans/factory/support/RootBeanDefinition;[Ljava/lang/Object;)Ljava/lang/Object;+169
j  org.springframework.beans.factory.support.AbstractBeanFactory.lambda$doGetBean$0(Ljava/lang/String;Lorg/springframework/beans/factory/support/RootBeanDefinition;[Ljava/lang/Object;)Ljava/lang/Object;+4
j  org.springframework.beans.factory.support.AbstractBeanFactory$$Lambda$171.getObject()Ljava/lang/Object;+16
j  org.springframework.beans.factory.support.DefaultSingletonBeanRegistry.getSingleton(Ljava/lang/String;Lorg/springframework/beans/factory/ObjectFactory;)Ljava/lang/Object;+132
J 2188 C1 org.springframework.beans.factory.support.AbstractBeanFactory.doGetBean(Ljava/lang/String;Ljava/lang/Class;[Ljava/lang/Object;Z)Ljava/lang/Object; (874 bytes) @ 0x000000000335070c [0x00000000033501e0+0x52c]
J 3343 C1 org.springframework.beans.factory.support.AbstractBeanFactory.getBean(Ljava/lang/String;)Ljava/lang/Object; (9 bytes) @ 0x000000000357a4cc [0x000000000357a480+0x4c]
j  org.springframework.beans.factory.support.DefaultListableBeanFactory.preInstantiateSingletons()V+248
j  org.springframework.context.support.AbstractApplicationContext.finishBeanFactoryInitialization(Lorg/springframework/beans/factory/config/ConfigurableListableBeanFactory;)V+124
j  org.springframework.context.support.AbstractApplicationContext.refresh()V+54
j  org.springframework.boot.web.servlet.context.ServletWebServerApplicationContext.refresh()V+1
j  org.springframework.boot.SpringApplication.refresh(Lorg/springframework/context/ConfigurableApplicationContext;)V+1
j  org.springframework.boot.SpringApplication.refresh(Lorg/springframework/context/ApplicationContext;)V+11
j  org.springframework.boot.SpringApplication.refreshContext(Lorg/springframework/context/ConfigurableApplicationContext;)V+19
j  org.springframework.boot.SpringApplication.run([Ljava/lang/String;)Lorg/springframework/context/ConfigurableApplicationContext;+118
j  org.springframework.boot.SpringApplication.run([Ljava/lang/Class;[Ljava/lang/String;)Lorg/springframework/context/ConfigurableApplicationContext;+9
j  org.springframework.boot.SpringApplication.run(Ljava/lang/Class;[Ljava/lang/String;)Lorg/springframework/context/ConfigurableApplicationContext;+9
j  com.feng.gulimall.seckill.GulimallSeckillApplication.main([Ljava/lang/String;)V+3
v  ~StubRoutines::call_stub
j  sun.reflect.NativeMethodAccessorImpl.invoke0(Ljava/lang/reflect/Method;Ljava/lang/Object;[Ljava/lang/Object;)Ljava/lang/Object;+0
j  sun.reflect.NativeMethodAccessorImpl.invoke(Ljava/lang/Object;[Ljava/lang/Object;)Ljava/lang/Object;+100
j  sun.reflect.DelegatingMethodAccessorImpl.invoke(Ljava/lang/Object;[Ljava/lang/Object;)Ljava/lang/Object;+6
j  java.lang.reflect.Method.invoke(Ljava/lang/Object;[Ljava/lang/Object;)Ljava/lang/Object;+56
j  org.springframework.boot.devtools.restart.RestartLauncher.run()V+42
v  ~StubRoutines::call_stub

---------------  P R O C E S S  ---------------

Java Threads: ( => current thread )
  0x0000000020893800 JavaThread "com.alibaba.nacos.naming.push.receiver" daemon [_thread_in_native, id=19588, stack(0x0000000024360000,0x0000000024460000)]
  0x0000000020895800 JavaThread "com.alibaba.nacos.naming.failover" daemon [_thread_blocked, id=12188, stack(0x0000000024260000,0x0000000024360000)]
  0x0000000020895000 JavaThread "com.alibaba.nacos.naming.client.listener" daemon [_thread_blocked, id=1080, stack(0x0000000023f60000,0x0000000024060000)]
  0x0000000022aa6000 JavaThread "spring.cloud.inetutils" daemon [_thread_blocked, id=13272, stack(0x0000000023e60000,0x0000000023f60000)]
  0x0000000021046800 JavaThread "container-0" [_thread_blocked, id=15408, stack(0x0000000023a60000,0x0000000023b60000)]
  0x0000000021045800 JavaThread "Catalina-utility-2" [_thread_blocked, id=22416, stack(0x0000000023960000,0x0000000023a60000)]
  0x0000000021045000 JavaThread "Catalina-utility-1" [_thread_blocked, id=2120, stack(0x0000000021f90000,0x0000000022090000)]
  0x00000000204cc000 JavaThread "com.alibaba.nacos.client.Worker.fixed-localhost_8848" daemon [_thread_blocked, id=18840, stack(0x0000000021e90000,0x0000000021f90000)]
  0x00000000204cb000 JavaThread "Timer-0" daemon [_thread_blocked, id=18400, stack(0x0000000021b90000,0x0000000021c90000)]
=>0x000000001f4f1000 JavaThread "restartedMain" [_thread_in_vm, id=20884, stack(0x0000000021190000,0x0000000021290000)]
  0x000000001f4e9800 JavaThread "Thread-1" [_thread_blocked, id=21096, stack(0x0000000021090000,0x0000000021190000)]
  0x000000001f2e5800 JavaThread "RMI TCP Accept-0" daemon [_thread_in_native, id=14532, stack(0x000000001fc10000,0x000000001fd10000)]
  0x000000001f0c2800 JavaThread "Service Thread" daemon [_thread_blocked, id=21724, stack(0x000000001fa70000,0x000000001fb70000)]
  0x000000001f023000 JavaThread "C1 CompilerThread3" daemon [_thread_in_native, id=2904, stack(0x000000001f970000,0x000000001fa70000)]
  0x000000001f020000 JavaThread "C2 CompilerThread2" daemon [_thread_blocked, id=23372, stack(0x000000001f870000,0x000000001f970000)]
  0x000000001efed000 JavaThread "C2 CompilerThread1" daemon [_thread_blocked, id=21088, stack(0x000000001f770000,0x000000001f870000)]
  0x000000001f01d800 JavaThread "C2 CompilerThread0" daemon [_thread_blocked, id=20664, stack(0x000000001f670000,0x000000001f770000)]
  0x000000001efec000 JavaThread "Monitor Ctrl-Break" daemon [_thread_in_native, id=19644, stack(0x000000001f570000,0x000000001f670000)]
  0x000000001e658000 JavaThread "Attach Listener" daemon [_thread_blocked, id=7340, stack(0x000000001ec70000,0x000000001ed70000)]
  0x000000001e6b0800 JavaThread "Signal Dispatcher" daemon [_thread_blocked, id=17988, stack(0x000000001eb70000,0x000000001ec70000)]
  0x000000001c744800 JavaThread "Finalizer" daemon [_thread_blocked, id=9036, stack(0x000000001ea10000,0x000000001eb10000)]
  0x000000001c73d000 JavaThread "Reference Handler" daemon [_thread_blocked, id=18564, stack(0x000000001e510000,0x000000001e610000)]
  0x0000000002c29800 JavaThread "main" [_thread_blocked, id=13740, stack(0x0000000002b20000,0x0000000002c20000)]

Other Threads:
  0x000000001c735800 VMThread [stack: 0x000000001e410000,0x000000001e510000] [id=22756]
  0x000000001f2ee800 WatcherThread [stack: 0x000000001fd10000,0x000000001fe10000] [id=14952]

VM state:not at safepoint (normal execution)

VM Mutex/Monitor currently owned by a thread: None

Heap:
 PSYoungGen      total 227840K, used 15461K [0x000000076c500000, 0x000000077b900000, 0x00000007c0000000)
  eden space 217600K, 7% used [0x000000076c500000,0x000000076d419540,0x0000000779980000)
  from space 10240K, 0% used [0x000000077a800000,0x000000077a800000,0x000000077b200000)
  to   space 14848K, 0% used [0x0000000779980000,0x0000000779980000,0x000000077a800000)
 ParOldGen       total 124416K, used 20381K [0x00000006c4e00000, 0x00000006cc780000, 0x000000076c500000)
  object space 124416K, 16% used [0x00000006c4e00000,0x00000006c61e75d8,0x00000006cc780000)
 Metaspace       used 37279K, capacity 39520K, committed 39680K, reserved 1085440K
  class space    used 4925K, capacity 5357K, committed 5376K, reserved 1048576K

Card table byte_map: [0x00000000122c0000,0x0000000012aa0000] byte_map_base: 0x000000000ec99000

Marking Bits: (ParMarkBitMap*) 0x0000000054c4b6d0
 Begin Bits: [0x00000000137e0000, 0x00000000176a8000)
 End Bits:   [0x00000000176a8000, 0x000000001b570000)

Polling page: 0x0000000000970000

CodeCache: size=245760Kb used=7037Kb max_used=7037Kb free=238722Kb
 bounds [0x0000000002f00000, 0x00000000035e0000, 0x0000000011f00000]
 total_blobs=4067 nmethods=3590 adapters=388
 compilation: enabled

Compilation events (10 events):
Event: 11.170 Thread 0x000000001f023000 nmethod 3619 0x00000000035dd890 code [0x00000000035dda20, 0x00000000035ddc88]
Event: 11.170 Thread 0x000000001f023000 3620       1       org.springframework.boot.context.properties.ConfigurationPropertiesBean::create (121 bytes)
Event: 11.171 Thread 0x000000001f023000 nmethod 3620 0x00000000035dddd0 code [0x00000000035de000, 0x00000000035dea78]
Event: 11.171 Thread 0x000000001f023000 3618       1       org.springframework.core.convert.TypeDescriptor$AnnotatedElementAdapter::<init> (15 bytes)
Event: 11.171 Thread 0x000000001f023000 nmethod 3618 0x00000000035df190 code [0x00000000035df2e0, 0x00000000035df410]
Event: 11.171 Thread 0x000000001f023000 3621       1       org.springframework.aop.support.AopUtils::isAopProxy (38 bytes)
Event: 11.171 Thread 0x000000001f023000 nmethod 3621 0x00000000035df490 code [0x00000000035df620, 0x00000000035df8c8]
Event: 11.171 Thread 0x000000001f023000 3622       1       java.lang.reflect.Constructor::getAnnotationBytes (5 bytes)
Event: 11.171 Thread 0x000000001f023000 nmethod 3622 0x00000000035dfb10 code [0x00000000035dfc60, 0x00000000035dfd70]
Event: 11.172 Thread 0x000000001f023000 3623       1       org.springframework.asm.ClassReader::readCode (5085 bytes)

GC Heap History (10 events):
Event: 9.793 GC heap before
{Heap before GC invocations=7 (full 1):
 PSYoungGen      total 139776K, used 136162K [0x000000076c500000, 0x000000077b200000, 0x00000007c0000000)
  eden space 129024K, 99% used [0x000000076c500000,0x00000007742b4190,0x0000000774300000)
  from space 10752K, 69% used [0x0000000774300000,0x0000000774a447e8,0x0000000774d80000)
  to   space 10240K, 0% used [0x000000077a800000,0x000000077a800000,0x000000077b200000)
 ParOldGen       total 86016K, used 6315K [0x00000006c4e00000, 0x00000006ca200000, 0x000000076c500000)
  object space 86016K, 7% used [0x00000006c4e00000,0x00000006c542ac90,0x00000006ca200000)
 Metaspace       used 29878K, capacity 31494K, committed 31744K, reserved 1077248K
  class space    used 3951K, capacity 4260K, committed 4352K, reserved 1048576K
Event: 9.800 GC heap after
Heap after GC invocations=7 (full 1):
 PSYoungGen      total 227840K, used 10225K [0x000000076c500000, 0x000000077b900000, 0x00000007c0000000)
  eden space 217600K, 0% used [0x000000076c500000,0x000000076c500000,0x0000000779980000)
  from space 10240K, 99% used [0x000000077a800000,0x000000077b1fc568,0x000000077b200000)
  to   space 14848K, 0% used [0x0000000779980000,0x0000000779980000,0x000000077a800000)
 ParOldGen       total 86016K, used 12618K [0x00000006c4e00000, 0x00000006ca200000, 0x000000076c500000)
  object space 86016K, 14% used [0x00000006c4e00000,0x00000006c5a52ad0,0x00000006ca200000)
 Metaspace       used 29878K, capacity 31494K, committed 31744K, reserved 1077248K
  class space    used 3951K, capacity 4260K, committed 4352K, reserved 1048576K
}
Event: 10.795 GC heap before
{Heap before GC invocations=8 (full 1):
 PSYoungGen      total 227840K, used 114237K [0x000000076c500000, 0x000000077b900000, 0x00000007c0000000)
  eden space 217600K, 47% used [0x000000076c500000,0x0000000772a93238,0x0000000779980000)
  from space 10240K, 99% used [0x000000077a800000,0x000000077b1fc568,0x000000077b200000)
  to   space 14848K, 0% used [0x0000000779980000,0x0000000779980000,0x000000077a800000)
 ParOldGen       total 86016K, used 12618K [0x00000006c4e00000, 0x00000006ca200000, 0x000000076c500000)
  object space 86016K, 14% used [0x00000006c4e00000,0x00000006c5a52ad0,0x00000006ca200000)
 Metaspace       used 33437K, capacity 35384K, committed 35496K, reserved 1079296K
  class space    used 4400K, capacity 4771K, committed 4864K, reserved 1048576K
Event: 10.802 GC heap after
Heap after GC invocations=8 (full 1):
 PSYoungGen      total 232448K, used 14554K [0x000000076c500000, 0x000000077b900000, 0x00000007c0000000)
  eden space 217600K, 0% used [0x000000076c500000,0x000000076c500000,0x0000000779980000)
  from space 14848K, 98% used [0x0000000779980000,0x000000077a7b6ac8,0x000000077a800000)
  to   space 10240K, 0% used [0x000000077a800000,0x000000077a800000,0x000000077b200000)
 ParOldGen       total 86016K, used 12626K [0x00000006c4e00000, 0x00000006ca200000, 0x000000076c500000)
  object space 86016K, 14% used [0x00000006c4e00000,0x00000006c5a54ad0,0x00000006ca200000)
 Metaspace       used 33437K, capacity 35384K, committed 35496K, reserved 1079296K
  class space    used 4400K, capacity 4771K, committed 4864K, reserved 1048576K
}
Event: 10.802 GC heap before
{Heap before GC invocations=9 (full 2):
 PSYoungGen      total 232448K, used 14554K [0x000000076c500000, 0x000000077b900000, 0x00000007c0000000)
  eden space 217600K, 0% used [0x000000076c500000,0x000000076c500000,0x0000000779980000)
  from space 14848K, 98% used [0x0000000779980000,0x000000077a7b6ac8,0x000000077a800000)
  to   space 10240K, 0% used [0x000000077a800000,0x000000077a800000,0x000000077b200000)
 ParOldGen       total 86016K, used 12626K [0x00000006c4e00000, 0x00000006ca200000, 0x000000076c500000)
  object space 86016K, 14% used [0x00000006c4e00000,0x00000006c5a54ad0,0x00000006ca200000)
 Metaspace       used 33437K, capacity 35384K, committed 35496K, reserved 1079296K
  class space    used 4400K, capacity 4771K, committed 4864K, reserved 1048576K
Event: 10.834 GC heap after
Heap after GC invocations=9 (full 2):
 PSYoungGen      total 232448K, used 0K [0x000000076c500000, 0x000000077b900000, 0x00000007c0000000)
  eden space 217600K, 0% used [0x000000076c500000,0x000000076c500000,0x0000000779980000)
  from space 14848K, 0% used [0x0000000779980000,0x0000000779980000,0x000000077a800000)
  to   space 10240K, 0% used [0x000000077a800000,0x000000077a800000,0x000000077b200000)
 ParOldGen       total 124416K, used 19826K [0x00000006c4e00000, 0x00000006cc780000, 0x000000076c500000)
  object space 124416K, 15% used [0x00000006c4e00000,0x00000006c615cbc0,0x00000006cc780000)
 Metaspace       used 33437K, capacity 35384K, committed 35496K, reserved 1079296K
  class space    used 4400K, capacity 4771K, committed 4864K, reserved 1048576K
}
Event: 11.002 GC heap before
{Heap before GC invocations=10 (full 2):
 PSYoungGen      total 232448K, used 45661K [0x000000076c500000, 0x000000077b900000, 0x00000007c0000000)
  eden space 217600K, 20% used [0x000000076c500000,0x000000076f1974f0,0x0000000779980000)
  from space 14848K, 0% used [0x0000000779980000,0x0000000779980000,0x000000077a800000)
  to   space 10240K, 0% used [0x000000077a800000,0x000000077a800000,0x000000077b200000)
 ParOldGen       total 124416K, used 19826K [0x00000006c4e00000, 0x00000006cc780000, 0x000000076c500000)
  object space 124416K, 15% used [0x00000006c4e00000,0x00000006c615cbc0,0x00000006cc780000)
 Metaspace       used 36580K, capacity 38784K, committed 38912K, reserved 1087488K
  class space    used 4850K, capacity 5287K, committed 5376K, reserved 1048576K
Event: 11.005 GC heap after
Heap after GC invocations=10 (full 2):
 PSYoungGen      total 227840K, used 4100K [0x000000076c500000, 0x000000077b900000, 0x00000007c0000000)
  eden space 217600K, 0% used [0x000000076c500000,0x000000076c500000,0x0000000779980000)
  from space 10240K, 40% used [0x000000077a800000,0x000000077ac01340,0x000000077b200000)
  to   space 14848K, 0% used [0x0000000779980000,0x0000000779980000,0x000000077a800000)
 ParOldGen       total 124416K, used 19834K [0x00000006c4e00000, 0x00000006cc780000, 0x000000076c500000)
  object space 124416K, 15% used [0x00000006c4e00000,0x00000006c615ebc0,0x00000006cc780000)
 Metaspace       used 36580K, capacity 38784K, committed 38912K, reserved 1087488K
  class space    used 4850K, capacity 5287K, committed 5376K, reserved 1048576K
}
Event: 11.005 GC heap before
{Heap before GC invocations=11 (full 3):
 PSYoungGen      total 227840K, used 4100K [0x000000076c500000, 0x000000077b900000, 0x00000007c0000000)
  eden space 217600K, 0% used [0x000000076c500000,0x000000076c500000,0x0000000779980000)
  from space 10240K, 40% used [0x000000077a800000,0x000000077ac01340,0x000000077b200000)
  to   space 14848K, 0% used [0x0000000779980000,0x0000000779980000,0x000000077a800000)
 ParOldGen       total 124416K, used 19834K [0x00000006c4e00000, 0x00000006cc780000, 0x000000076c500000)
  object space 124416K, 15% used [0x00000006c4e00000,0x00000006c615ebc0,0x00000006cc780000)
 Metaspace       used 36580K, capacity 38784K, committed 38912K, reserved 1087488K
  class space    used 4850K, capacity 5287K, committed 5376K, reserved 1048576K
Event: 11.121 GC heap after
Heap after GC invocations=11 (full 3):
 PSYoungGen      total 227840K, used 0K [0x000000076c500000, 0x000000077b900000, 0x00000007c0000000)
  eden space 217600K, 0% used [0x000000076c500000,0x000000076c500000,0x0000000779980000)
  from space 10240K, 0% used [0x000000077a800000,0x000000077a800000,0x000000077b200000)
  to   space 14848K, 0% used [0x0000000779980000,0x0000000779980000,0x000000077a800000)
 ParOldGen       total 124416K, used 20381K [0x00000006c4e00000, 0x00000006cc780000, 0x000000076c500000)
  object space 124416K, 16% used [0x00000006c4e00000,0x00000006c61e75d8,0x00000006cc780000)
 Metaspace       used 36580K, capacity 38784K, committed 38912K, reserved 1085440K
  class space    used 4850K, capacity 5287K, committed 5376K, reserved 1048576K
}

Deoptimization events (0 events):
No events

Internal exceptions (10 events):
Event: 11.169 Thread 0x000000001f4f1000 Exception <a 'java/lang/ArrayIndexOutOfBoundsException'> (0x000000076d0fc0f0) thrown at [C:\re\workspace\8-2-build-windows-amd64-cygwin\jdk8u121\8372\hotspot\src\share\vm\runtime\sharedRuntime.cpp, line 605]
Event: 11.169 Thread 0x000000001f4f1000 Exception <a 'java/lang/ClassNotFoundException': org/springframework/data/convert/EntityReaderCustomizer> (0x000000076d124588) thrown at [C:\re\workspace\8-2-build-windows-amd64-cygwin\jdk8u121\8372\hotspot\src\share\vm\classfile\systemDictionary.cpp, lin
Event: 11.169 Thread 0x000000001f4f1000 Exception <a 'java/lang/ArrayIndexOutOfBoundsException'> (0x000000076d125528) thrown at [C:\re\workspace\8-2-build-windows-amd64-cygwin\jdk8u121\8372\hotspot\src\share\vm\runtime\sharedRuntime.cpp, line 605]
Event: 11.169 Thread 0x000000001f4f1000 Exception <a 'java/lang/ClassNotFoundException': org/springframework/data/convert/EntityWriterCustomizer> (0x000000076d14baa0) thrown at [C:\re\workspace\8-2-build-windows-amd64-cygwin\jdk8u121\8372\hotspot\src\share\vm\classfile\systemDictionary.cpp, lin
Event: 11.169 Thread 0x000000001f4f1000 Exception <a 'java/lang/ArrayIndexOutOfBoundsException'> (0x000000076d14c4d8) thrown at [C:\re\workspace\8-2-build-windows-amd64-cygwin\jdk8u121\8372\hotspot\src\share\vm\runtime\sharedRuntime.cpp, line 605]
Event: 11.170 Thread 0x000000001f4f1000 Exception <a 'java/lang/ClassNotFoundException': org/springframework/beans/factory/InitializingBeanCustomizer> (0x000000076d174fb8) thrown at [C:\re\workspace\8-2-build-windows-amd64-cygwin\jdk8u121\8372\hotspot\src\share\vm\classfile\systemDictionary.cpp
Event: 11.172 Thread 0x000000001f4f1000 Exception <a 'java/lang/ArrayIndexOutOfBoundsException'> (0x000000076d2038e0) thrown at [C:\re\workspace\8-2-build-windows-amd64-cygwin\jdk8u121\8372\hotspot\src\share\vm\runtime\sharedRuntime.cpp, line 605]
Event: 11.173 Thread 0x000000001f4f1000 Exception <a 'java/lang/ArrayIndexOutOfBoundsException'> (0x000000076d27f198) thrown at [C:\re\workspace\8-2-build-windows-amd64-cygwin\jdk8u121\8372\hotspot\src\share\vm\runtime\sharedRuntime.cpp, line 605]
Event: 11.173 Thread 0x000000001f4f1000 Exception <a 'java/lang/ArrayIndexOutOfBoundsException'> (0x000000076d287460) thrown at [C:\re\workspace\8-2-build-windows-amd64-cygwin\jdk8u121\8372\hotspot\src\share\vm\runtime\sharedRuntime.cpp, line 605]
Event: 11.174 Thread 0x000000001f4f1000 Exception <a 'java/lang/ArrayIndexOutOfBoundsException'> (0x000000076d28e1f0) thrown at [C:\re\workspace\8-2-build-windows-amd64-cygwin\jdk8u121\8372\hotspot\src\share\vm\runtime\sharedRuntime.cpp, line 605]

Events (10 events):
Event: 11.174 loading class org/springframework/data/redis/core/RedisQueryEngine
Event: 11.174 loading class org/springframework/data/redis/core/RedisQueryEngine done
Event: 11.174 loading class org/springframework/data/redis/core/RedisQueryEngine$RedisCriteriaAccessor
Event: 11.174 loading class org/springframework/data/redis/core/RedisQueryEngine$RedisCriteriaAccessor done
Event: 11.174 loading class org/springframework/data/keyvalue/core/CriteriaAccessor
Event: 11.174 loading class org/springframework/data/keyvalue/core/CriteriaAccessor done
Event: 11.174 loading class org/springframework/data/redis/listener/RedisMessageListenerContainer
Event: 11.174 loading class org/springframework/data/redis/listener/RedisMessageListenerContainer done
Event: 11.175 loading class org/springframework/data/redis/listener/RedisMessageListenerContainer$SubscriptionTask
Event: 11.175 loading class org/springframework/data/redis/listener/RedisMessageListenerContainer$SubscriptionTask done


Dynamic libraries:
0x00007ff7271d0000 - 0x00007ff727207000 	D:\Program Files\Java\jdk1.8.0_121\bin\java.exe
0x00007ffa230f0000 - 0x00007ffa232e5000 	C:\windows\SYSTEM32\ntdll.dll
0x00007ffa22550000 - 0x00007ffa2260e000 	C:\windows\System32\KERNEL32.DLL
0x00007ffa20e50000 - 0x00007ffa21118000 	C:\windows\System32\KERNELBASE.dll
0x00007ffa22610000 - 0x00007ffa226be000 	C:\windows\System32\ADVAPI32.dll
0x00007ffa226c0000 - 0x00007ffa2275e000 	C:\windows\System32\msvcrt.dll
0x00007ffa22da0000 - 0x00007ffa22e3c000 	C:\windows\System32\sechost.dll
0x00007ffa213c0000 - 0x00007ffa214e5000 	C:\windows\System32\RPCRT4.dll
0x00007ffa22f10000 - 0x00007ffa230b0000 	C:\windows\System32\USER32.dll
0x00007ffa20bc0000 - 0x00007ffa20be2000 	C:\windows\System32\win32u.dll
0x00007ffa22760000 - 0x00007ffa2278b000 	C:\windows\System32\GDI32.dll
0x00007ffa20ca0000 - 0x00007ffa20dab000 	C:\windows\System32\gdi32full.dll
0x00007ffa20db0000 - 0x00007ffa20e4d000 	C:\windows\System32\msvcp_win.dll
0x00007ffa209e0000 - 0x00007ffa20ae0000 	C:\windows\System32\ucrtbase.dll
0x00007ffa033e0000 - 0x00007ffa0367a000 	C:\windows\WinSxS\amd64_microsoft.windows.common-controls_6595b64144ccf1df_6.0.19041.1110_none_60b5254171f9507e\COMCTL32.dll
0x00007ffa22030000 - 0x00007ffa22060000 	C:\windows\System32\IMM32.DLL
0x00000000550b0000 - 0x0000000055182000 	D:\Program Files\Java\jdk1.8.0_121\jre\bin\msvcr100.dll
0x0000000054430000 - 0x0000000054ccb000 	D:\Program Files\Java\jdk1.8.0_121\jre\bin\server\jvm.dll
0x00007ffa22800000 - 0x00007ffa22808000 	C:\windows\System32\PSAPI.DLL
0x00007ff9ffb90000 - 0x00007ff9ffb99000 	C:\windows\SYSTEM32\WSOCK32.dll
0x00007ffa1f6c0000 - 0x00007ffa1f6ca000 	C:\windows\SYSTEM32\VERSION.dll
0x00007ffa05a90000 - 0x00007ffa05ab7000 	C:\windows\SYSTEM32\WINMM.dll
0x00007ffa22790000 - 0x00007ffa227fb000 	C:\windows\System32\WS2_32.dll
0x00000000550a0000 - 0x00000000550af000 	D:\Program Files\Java\jdk1.8.0_121\jre\bin\verify.dll
0x0000000055070000 - 0x0000000055099000 	D:\Program Files\Java\jdk1.8.0_121\jre\bin\java.dll
0x0000000055020000 - 0x0000000055043000 	D:\Program Files\Java\jdk1.8.0_121\jre\bin\instrument.dll
0x0000000055050000 - 0x0000000055066000 	D:\Program Files\Java\jdk1.8.0_121\jre\bin\zip.dll
0x00007ffa218e0000 - 0x00007ffa22024000 	C:\windows\System32\SHELL32.dll
0x00007ffa1eee0000 - 0x00007ffa1f674000 	C:\windows\SYSTEM32\windows.storage.dll
0x00007ffa21580000 - 0x00007ffa218d4000 	C:\windows\System32\combase.dll
0x00007ffa20270000 - 0x00007ffa2029c000 	C:\windows\SYSTEM32\Wldp.dll
0x00007ffa21280000 - 0x00007ffa2132d000 	C:\windows\System32\SHCORE.dll
0x00007ffa22e40000 - 0x00007ffa22e95000 	C:\windows\System32\shlwapi.dll
0x00007ffa20750000 - 0x00007ffa2076f000 	C:\windows\SYSTEM32\profapi.dll
0x00007ffa19870000 - 0x00007ffa1988a000 	D:\Program Files\JetBrains\IntelliJ IDEA 2020.3.1\bin\breakgen64.dll
0x0000000055000000 - 0x000000005501a000 	D:\Program Files\Java\jdk1.8.0_121\jre\bin\net.dll
0x00007ffa1ffd0000 - 0x00007ffa2003a000 	C:\windows\system32\mswsock.dll
0x00007ffa1fd10000 - 0x00007ffa1fdda000 	C:\windows\SYSTEM32\DNSAPI.dll
0x00007ffa1fc70000 - 0x00007ffa1fcab000 	C:\windows\SYSTEM32\IPHLPAPI.DLL
0x00007ffa22ea0000 - 0x00007ffa22ea8000 	C:\windows\System32\NSI.dll
0x0000000056610000 - 0x0000000056636000 	C:\Program Files\Bonjour\mdnsNSP.dll
0x00007ffa15ec0000 - 0x00007ffa15eca000 	C:\Windows\System32\rasadhlp.dll
0x00007ffa13630000 - 0x00007ffa136af000 	C:\windows\System32\fwpuclnt.dll
0x00007ffa21120000 - 0x00007ffa21147000 	C:\windows\System32\bcrypt.dll
0x0000000054fd0000 - 0x0000000054fdd000 	D:\Program Files\Java\jdk1.8.0_121\jre\bin\management.dll
0x0000000054fe0000 - 0x0000000054ff1000 	D:\Program Files\Java\jdk1.8.0_121\jre\bin\nio.dll
0x00007ffa201d0000 - 0x00007ffa201e8000 	C:\windows\SYSTEM32\CRYPTSP.dll
0x00007ffa1f8e0000 - 0x00007ffa1f914000 	C:\windows\system32\rsaenh.dll
0x00007ffa20710000 - 0x00007ffa2073e000 	C:\windows\SYSTEM32\USERENV.dll
0x00007ffa20b30000 - 0x00007ffa20bb2000 	C:\windows\System32\bcryptprimitives.dll
0x00007ffa201c0000 - 0x00007ffa201cc000 	C:\windows\SYSTEM32\CRYPTBASE.dll
0x00007ffa17ca0000 - 0x00007ffa17cb7000 	C:\windows\SYSTEM32\dhcpcsvc6.DLL
0x00007ffa170d0000 - 0x00007ffa170ed000 	C:\windows\SYSTEM32\dhcpcsvc.DLL
0x00007ffa06430000 - 0x00007ffa06447000 	C:\windows\system32\napinsp.dll
0x00007ffa063e0000 - 0x00007ffa063fb000 	C:\windows\system32\pnrpnsp.dll
0x00007ffa18fa0000 - 0x00007ffa18fb5000 	C:\windows\system32\wshbth.dll
0x00007ffa19760000 - 0x00007ffa1977d000 	C:\windows\system32\NLAapi.dll
0x00007ffa06450000 - 0x00007ffa06462000 	C:\windows\System32\winrnr.dll

VM Arguments:
jvm_args: -XX:TieredStopAtLevel=1 -Xverify:none -Dspring.output.ansi.enabled=always -javaagent:D:\Program Files\JetBrains\IntelliJ IDEA 2020.3.1\lib\idea_rt.jar=57479:D:\Program Files\JetBrains\IntelliJ IDEA 2020.3.1\bin -Dcom.sun.management.jmxremote -Dspring.jmx.enabled=true -Dspring.liveBeansView.mbeanDomain -Dspring.application.admin.enabled=true -Dfile.encoding=UTF-8 
java_command: com.feng.gulimall.seckill.GulimallSeckillApplication
java_class_path (initial): D:\Program Files\Java\jdk1.8.0_121\jre\lib\charsets.jar;D:\Program Files\Java\jdk1.8.0_121\jre\lib\deploy.jar;D:\Program Files\Java\jdk1.8.0_121\jre\lib\ext\access-bridge-64.jar;D:\Program Files\Java\jdk1.8.0_121\jre\lib\ext\cldrdata.jar;D:\Program Files\Java\jdk1.8.0_121\jre\lib\ext\dnsns.jar;D:\Program Files\Java\jdk1.8.0_121\jre\lib\ext\jaccess.jar;D:\Program Files\Java\jdk1.8.0_121\jre\lib\ext\jfxrt.jar;D:\Program Files\Java\jdk1.8.0_121\jre\lib\ext\localedata.jar;D:\Program Files\Java\jdk1.8.0_121\jre\lib\ext\nashorn.jar;D:\Program Files\Java\jdk1.8.0_121\jre\lib\ext\sunec.jar;D:\Program Files\Java\jdk1.8.0_121\jre\lib\ext\sunjce_provider.jar;D:\Program Files\Java\jdk1.8.0_121\jre\lib\ext\sunmscapi.jar;D:\Program Files\Java\jdk1.8.0_121\jre\lib\ext\sunpkcs11.jar;D:\Program Files\Java\jdk1.8.0_121\jre\lib\ext\zipfs.jar;D:\Program Files\Java\jdk1.8.0_121\jre\lib\javaws.jar;D:\Program Files\Java\jdk1.8.0_121\jre\lib\jce.jar;D:\Program Files\Java\jdk1.8.0_121\jre\lib\jfr.jar;D:\Program Files\Java\jdk1.8.0_121\jre\lib\jfxswt.jar;D:\Program Files\Java\jdk1.8.0_121\jre\lib\jsse.jar;D:\Program Files\Java\jdk1.8.0_121\jre\lib\management-agent.jar;D:\Program Files\Java\jdk1.8.0_121\jre\lib\plugin.jar;D:\Program Files\Java\jdk1.8.0_121\jre\lib\resources.jar;D:\Program Files\Java\jdk1.8.0_121\jre\lib\rt.jar;D:\Users\Timo-master\guli_mall\gulimall-seckill\target\classes;D:\Users\Timo-master\guli_mall\gulimall-common\target\classes;D:\document\maven\repository\com\baomidou\mybatis-plus-boot-starter\3.2.0\mybatis-plus-boot-starter-3.2.0.jar;D:\document\maven\repository\com\baomidou\mybatis-plus\3.2.0\mybatis-plus-3.2.0.jar;D:\document\maven\repository\com\baomidou\mybatis-plus-extension\3.2.0\mybatis-plus-extension-3.2.0.jar;D:\document\maven\repository\com\baomidou\mybatis-plus-core\3.2.0\mybatis-plus-core-3.2.0.jar;D:\document\maven\repository\com\baomidou\mybatis-plus-annotation\3.2.0\mybatis-plus-annotation-3.2.0.jar;D:\document\maven\reposito
Launcher Type: SUN_STANDARD

Environment Variables:
JAVA_HOME=D:\Program Files\Java\jdk1.8.0_121
CLASSPATH=.;D:\Program Files\Java\jdk1.8.0_121\bin\dt.jar;D:\Program Files\Java\jdk1.8.0_121\lib\tools.jar
PATH=D:\Program Files (x86)\VMware\VMware Workstation\bin\;C:\ProgramData\Oracle\Java\javapath;C:\windows\system32;C:\windows;C:\windows\System32\Wbem;C:\windows\System32\WindowsPowerShell\v1.0\;C:\windows\System32\OpenSSH\;C:\Program Files (x86)\NVIDIA Corporation\PhysX\Common;D:\Program Files\Java\jdk1.8.0_121\bin;D:\Program Files\MySQL\MySQL Server 5.7\bin;D:\document\maven\apache-maven-3.6.3\bin;%MAVEN_HOME%\bin\;D:\HashiCorp\Vagrant\bin;D:\Program Files\Git\cmd;D:\Program Files\nodejs\;C:\Users\¡Œ¡Ë∑Â\AppData\Local\Microsoft\WindowsApps;;D:\Program Files\Microsoft VS Code\bin;C:\Users\¡Œ¡Ë∑Â\AppData\Roaming\npm
USERNAME=¡Œ¡Ë∑Â
OS=Windows_NT
PROCESSOR_IDENTIFIER=Intel64 Family 6 Model 140 Stepping 1, GenuineIntel



---------------  S Y S T E M  ---------------

OS: Windows 10.0 , 64 bit Build 19041 (10.0.19041.1566)

CPU:total 8 (4 cores per cpu, 2 threads per core) family 6 model 140 stepping 1, cmov, cx8, fxsr, mmx, sse, sse2, sse3, ssse3, sse4.1, sse4.2, popcnt, avx, avx2, aes, clmul, erms, 3dnowpref, lzcnt, ht, tsc, tscinvbit, bmi1, bmi2, adx

Memory: 4k page, physical 16449800k(5305944k free), swap 16580872k(4108k free)

vm_info: Java HotSpot(TM) 64-Bit Server VM (25.121-b13) for windows-amd64 JRE (1.8.0_121-b13), built on Dec 12 2016 18:21:36 by "java_re" with MS VC++ 10.0 (VS2010)

time: Sat Mar 26 19:27:55 2022
elapsed time: 11 seconds (0d 0h 0m 11s)

